C:\Users\Rafał\Desktop\Angular2\Angular2Demo6\Angular2Demo3\app\employee\userPreferences.service.js
C:\Users\Rafał\Desktop\Angular2\Angular2Demo6\Angular2Demo3\app\employee\userPreferences.service.js.map
C:\Users\Rafał\Desktop\Angular2\Angular2Demo6\Angular2Demo3\app\test.module.js
C:\Users\Rafał\Desktop\Angular2\Angular2Demo6\Angular2Demo3\app\test.module.js.map
C:\Users\Rafał\Desktop\Angular2\Angular2Demo6\Angular2Demo3\app\app.component.js
C:\Users\Rafał\Desktop\Angular2\Angular2Demo6\Angular2Demo3\app\app.component.js.map
C:\Users\Rafał\Desktop\Angular2\Angular2Demo6\Angular2Demo3\app\employeeList\employee.js
C:\Users\Rafał\Desktop\Angular2\Angular2Demo6\Angular2Demo3\app\employeeList\employee.js.map
C:\Users\Rafał\Desktop\Angular2\Angular2Demo6\Angular2Demo3\app\employeeList\employee.service.js
C:\Users\Rafał\Desktop\Angular2\Angular2Demo6\Angular2Demo3\app\employeeList\employee.service.js.map
C:\Users\Rafał\Desktop\Angular2\Angular2Demo6\Angular2Demo3\app\employeeList\employeeList.component.js
C:\Users\Rafał\Desktop\Angular2\Angular2Demo6\Angular2Demo3\app\employeeList\employeeList.component.js.map
C:\Users\Rafał\Desktop\Angular2\Angular2Demo6\Angular2Demo3\app\employeeList\employeeTitle.pipe.js
C:\Users\Rafał\Desktop\Angular2\Angular2Demo6\Angular2Demo3\app\employeeList\employeeTitle.pipe.js.map
C:\Users\Rafał\Desktop\Angular2\Angular2Demo6\Angular2Demo3\app\employeeList\employeeCount.component.js
C:\Users\Rafał\Desktop\Angular2\Angular2Demo6\Angular2Demo3\app\employeeList\employeeCount.component.js.map
C:\Users\Rafał\Desktop\Angular2\Angular2Demo6\Angular2Demo3\app\Home\home.component.js
C:\Users\Rafał\Desktop\Angular2\Angular2Demo6\Angular2Demo3\app\Home\home.component.js.map
C:\Users\Rafał\Desktop\Angular2\Angular2Demo6\Angular2Demo3\app\Others\pageNotFound.component.js
C:\Users\Rafał\Desktop\Angular2\Angular2Demo6\Angular2Demo3\app\Others\pageNotFound.component.js.map
C:\Users\Rafał\Desktop\Angular2\Angular2Demo6\Angular2Demo3\app\employee\employee.component.js
C:\Users\Rafał\Desktop\Angular2\Angular2Demo6\Angular2Demo3\app\employee\employee.component.js.map
C:\Users\Rafał\Desktop\Angular2\Angular2Demo6\Angular2Demo3\app\app.module.js
C:\Users\Rafał\Desktop\Angular2\Angular2Demo6\Angular2Demo3\app\app.module.js.map
C:\Users\Rafał\Desktop\Angular2\Angular2Demo6\Angular2Demo3\main.js
C:\Users\Rafał\Desktop\Angular2\Angular2Demo6\Angular2Demo3\main.js.map
C:\Users\Rafał\Desktop\Angular2\Angular2Demo6\Angular2Demo3\app\app.component.spec.js
C:\Users\Rafał\Desktop\Angular2\Angular2Demo6\Angular2Demo3\app\app.component.spec.js.map
