C:\Users\Rafał\documents\visual studio 2017\Projects\Angular2Demo\Angular2Demo\app\app.component.js
C:\Users\Rafał\documents\visual studio 2017\Projects\Angular2Demo\Angular2Demo\app\app.component.js.map
C:\Users\Rafał\documents\visual studio 2017\Projects\Angular2Demo\Angular2Demo\app\employee\employee.component.js
C:\Users\Rafał\documents\visual studio 2017\Projects\Angular2Demo\Angular2Demo\app\employee\employee.component.js.map
C:\Users\Rafał\documents\visual studio 2017\Projects\Angular2Demo\Angular2Demo\app\interpolation\interpolation.js
C:\Users\Rafał\documents\visual studio 2017\Projects\Angular2Demo\Angular2Demo\app\interpolation\interpolation.js.map
C:\Users\Rafał\documents\visual studio 2017\Projects\Angular2Demo\Angular2Demo\app\StyleExample1\styleExample1.component.js
C:\Users\Rafał\documents\visual studio 2017\Projects\Angular2Demo\Angular2Demo\app\StyleExample1\styleExample1.component.js.map
C:\Users\Rafał\documents\visual studio 2017\Projects\Angular2Demo\Angular2Demo\app\StyleExample2\styleExample2.component.js
C:\Users\Rafał\documents\visual studio 2017\Projects\Angular2Demo\Angular2Demo\app\StyleExample2\styleExample2.component.js.map
C:\Users\Rafał\documents\visual studio 2017\Projects\Angular2Demo\Angular2Demo\app\EventExample\EventExample.js
C:\Users\Rafał\documents\visual studio 2017\Projects\Angular2Demo\Angular2Demo\app\EventExample\EventExample.js.map
C:\Users\Rafał\documents\visual studio 2017\Projects\Angular2Demo\Angular2Demo\app\app.module.js
C:\Users\Rafał\documents\visual studio 2017\Projects\Angular2Demo\Angular2Demo\app\app.module.js.map
C:\Users\Rafał\documents\visual studio 2017\Projects\Angular2Demo\Angular2Demo\main.js
C:\Users\Rafał\documents\visual studio 2017\Projects\Angular2Demo\Angular2Demo\main.js.map
C:\Users\Rafał\documents\visual studio 2017\Projects\Angular2Demo\Angular2Demo\app\app.component.spec.js
C:\Users\Rafał\documents\visual studio 2017\Projects\Angular2Demo\Angular2Demo\app\app.component.spec.js.map
C:\Users\Rafał\Documents\visual studio 2017\Projects\Angular2Demo\Angular2Demo\app\app.component.js
C:\Users\Rafał\Documents\visual studio 2017\Projects\Angular2Demo\Angular2Demo\app\app.component.js.map
C:\Users\Rafał\Documents\visual studio 2017\Projects\Angular2Demo\Angular2Demo\app\employee\employee.component.js
C:\Users\Rafał\Documents\visual studio 2017\Projects\Angular2Demo\Angular2Demo\app\employee\employee.component.js.map
C:\Users\Rafał\Documents\visual studio 2017\Projects\Angular2Demo\Angular2Demo\app\interpolation\interpolation.js
C:\Users\Rafał\Documents\visual studio 2017\Projects\Angular2Demo\Angular2Demo\app\interpolation\interpolation.js.map
C:\Users\Rafał\Documents\visual studio 2017\Projects\Angular2Demo\Angular2Demo\app\StyleExample1\styleExample1.component.js
C:\Users\Rafał\Documents\visual studio 2017\Projects\Angular2Demo\Angular2Demo\app\StyleExample1\styleExample1.component.js.map
C:\Users\Rafał\Documents\visual studio 2017\Projects\Angular2Demo\Angular2Demo\app\StyleExample2\styleExample2.component.js
C:\Users\Rafał\Documents\visual studio 2017\Projects\Angular2Demo\Angular2Demo\app\StyleExample2\styleExample2.component.js.map
C:\Users\Rafał\Documents\visual studio 2017\Projects\Angular2Demo\Angular2Demo\app\EventExample\EventExample.js
C:\Users\Rafał\Documents\visual studio 2017\Projects\Angular2Demo\Angular2Demo\app\EventExample\EventExample.js.map
C:\Users\Rafał\Documents\visual studio 2017\Projects\Angular2Demo\Angular2Demo\app\app.module.js
C:\Users\Rafał\Documents\visual studio 2017\Projects\Angular2Demo\Angular2Demo\app\app.module.js.map
C:\Users\Rafał\Documents\visual studio 2017\Projects\Angular2Demo\Angular2Demo\main.js
C:\Users\Rafał\Documents\visual studio 2017\Projects\Angular2Demo\Angular2Demo\main.js.map
C:\Users\Rafał\Documents\visual studio 2017\Projects\Angular2Demo\Angular2Demo\app\app.component.spec.js
C:\Users\Rafał\Documents\visual studio 2017\Projects\Angular2Demo\Angular2Demo\app\app.component.spec.js.map
